2014-03-14T13:30:50+00:00 INFO (6): Max Invoice: 
2014-03-14T13:30:54+00:00 INFO (6): Max Invoice: 
2014-03-14T13:31:46+00:00 INFO (6): Max Invoice: 
2014-03-14T13:34:04+00:00 INFO (6): Max Invoice: 1
2014-03-14T13:34:05+00:00 INFO (6): Max Invoice: 1
2014-03-14T13:39:42+00:00 INFO (6): Max Invoice: 1
2014-03-14T13:39:43+00:00 INFO (6): Max Invoice: 1
2014-03-14T13:49:28+00:00 INFO (6): Max Invoice: 1
2014-03-14T13:49:31+00:00 INFO (6): Max Invoice: 1
2014-03-14T13:49:32+00:00 INFO (6): Max Invoice: 1
2014-03-14T13:49:39+00:00 INFO (6): Max Invoice: 1
2014-03-14T13:49:40+00:00 INFO (6): Max Invoice: 1
2014-03-14T13:49:43+00:00 INFO (6): Max Invoice: 1
2014-03-14T13:49:44+00:00 INFO (6): Invoice: 1 Item id: 1 Tax 0 Tax ID: 3
2014-03-14T13:49:44+00:00 INFO (6): Invoice: 1 Item id: 2 Tax 0 Tax ID: 1
2014-03-14T13:49:44+00:00 INFO (6): Invoice: 1 Item id: 3 Tax 0 Tax ID: 4
2014-03-14T13:49:44+00:00 INFO (6): Invoice: 1 Item id: 4 Tax 0 Tax ID: 1
2014-03-14T13:49:44+00:00 INFO (6): Invoice: 1 Item id: 5 Tax 0 Tax ID: 4
2014-03-14T13:49:44+00:00 INFO (6): eway pre check: false
2014-03-14T13:49:56+00:00 INFO (6): Max Invoice: 1
2014-03-14T13:49:56+00:00 INFO (6): Invoice: 1 Item id: 1 Tax 0 Tax ID: 3
2014-03-14T13:49:56+00:00 INFO (6): Invoice: 1 Item id: 2 Tax 0 Tax ID: 1
2014-03-14T13:49:56+00:00 INFO (6): Invoice: 1 Item id: 3 Tax 0 Tax ID: 4
2014-03-14T13:49:56+00:00 INFO (6): Invoice: 1 Item id: 4 Tax 0 Tax ID: 1
2014-03-14T13:49:56+00:00 INFO (6): Invoice: 1 Item id: 5 Tax 0 Tax ID: 4
2014-03-14T13:49:56+00:00 INFO (6): Invoice: 1 Item id: 1 Tax 0 Tax ID: 3
2014-03-14T13:49:56+00:00 INFO (6): Invoice: 1 Item id: 2 Tax 0 Tax ID: 1
2014-03-14T13:49:56+00:00 INFO (6): Invoice: 1 Item id: 3 Tax 0 Tax ID: 4
2014-03-14T13:49:56+00:00 INFO (6): Invoice: 1 Item id: 4 Tax 0 Tax ID: 1
2014-03-14T13:49:56+00:00 INFO (6): Invoice: 1 Item id: 5 Tax 0 Tax ID: 4
2014-03-14T13:50:28+00:00 INFO (6): Max Invoice: 1
2014-03-14T13:50:29+00:00 INFO (6): Max Invoice: 1
2014-03-14T13:50:33+00:00 INFO (6): Max Invoice: 1
2014-03-14T13:50:39+00:00 INFO (6): Max Invoice: 1
2014-03-14T13:50:40+00:00 INFO (6): Max Invoice: 1
2014-03-14T13:50:53+00:00 INFO (6): Max Invoice: 1
2014-03-14T13:50:56+00:00 INFO (6): Max Invoice: 1
2014-03-14T13:50:57+00:00 INFO (6): Max Invoice: 1
2014-03-14T13:51:48+00:00 INFO (6): Max Invoice: 1
2014-03-14T13:51:49+00:00 INFO (6): Max Invoice: 1
2014-03-14T13:51:55+00:00 INFO (6): Max Invoice: 1
2014-03-14T13:51:55+00:00 INFO (6): Invoice: 1 Item id: 1 Tax 0 Tax ID: 3
2014-03-14T13:51:55+00:00 INFO (6): Invoice: 1 Item id: 2 Tax 0 Tax ID: 1
2014-03-14T13:51:55+00:00 INFO (6): Invoice: 1 Item id: 3 Tax 0 Tax ID: 4
2014-03-14T13:51:55+00:00 INFO (6): Invoice: 1 Item id: 4 Tax 0 Tax ID: 1
2014-03-14T13:51:55+00:00 INFO (6): Invoice: 1 Item id: 5 Tax 0 Tax ID: 4
2014-03-14T13:51:55+00:00 INFO (6): eway pre check: false
2014-03-14T13:52:19+00:00 INFO (6): Max Invoice: 1
2014-03-14T13:52:20+00:00 INFO (6): Max Invoice: 1
2014-03-14T13:52:22+00:00 INFO (6): Max Invoice: 1
2014-03-14T13:52:27+00:00 INFO (6): Max Invoice: 1
2014-03-14T13:52:28+00:00 INFO (6): Max Invoice: 1
2014-03-14T13:52:29+00:00 INFO (6): Max Invoice: 1
2014-03-14T13:52:29+00:00 INFO (6): Invoice: 1 Item id: 1 Tax 0 Tax ID: 3
2014-03-14T13:52:29+00:00 INFO (6): Invoice: 1 Item id: 2 Tax 0 Tax ID: 1
2014-03-14T13:52:29+00:00 INFO (6): Invoice: 1 Item id: 3 Tax 0 Tax ID: 4
2014-03-14T13:52:29+00:00 INFO (6): Invoice: 1 Item id: 4 Tax 0 Tax ID: 1
2014-03-14T13:52:29+00:00 INFO (6): Invoice: 1 Item id: 5 Tax 0 Tax ID: 4
2014-03-14T13:52:29+00:00 INFO (6): eway pre check: false
2014-03-14T14:10:51+00:00 INFO (6): Max Invoice: 1
2014-03-14T14:10:51+00:00 INFO (6): Invoice: 1 Item id: 1 Tax 0 Tax ID: 3
2014-03-14T14:10:51+00:00 INFO (6): Invoice: 1 Item id: 2 Tax 0 Tax ID: 1
2014-03-14T14:10:51+00:00 INFO (6): Invoice: 1 Item id: 3 Tax 0 Tax ID: 4
2014-03-14T14:10:51+00:00 INFO (6): Invoice: 1 Item id: 4 Tax 0 Tax ID: 1
2014-03-14T14:10:51+00:00 INFO (6): Invoice: 1 Item id: 5 Tax 0 Tax ID: 4
2014-03-14T14:11:24+00:00 INFO (6): Max Invoice: 1
2014-03-14T14:11:34+00:00 INFO (6): Max Invoice: 1
2014-03-14T14:11:35+00:00 INFO (6): Max Invoice: 1
2014-03-14T14:11:38+00:00 INFO (6): Max Invoice: 1
2014-03-14T14:11:39+00:00 INFO (6): Max Invoice: 1
2014-03-14T14:14:48+00:00 INFO (6): Max Invoice: 1
2014-03-14T14:14:50+00:00 INFO (6): Max Invoice: 1
2014-03-14T14:15:54+00:00 INFO (6): Max Invoice: 1
2014-03-14T14:15:55+00:00 INFO (6): Max Invoice: 1
2014-03-14T14:15:56+00:00 INFO (6): Max Invoice: 1
2014-03-14T14:15:57+00:00 INFO (6): Max Invoice: 1
2014-03-14T14:15:57+00:00 INFO (6): Max Invoice: 1
2014-03-14T14:15:58+00:00 INFO (6): Max Invoice: 1
2014-03-14T14:15:59+00:00 INFO (6): Max Invoice: 1
2014-03-14T14:16:00+00:00 INFO (6): Max Invoice: 1
2014-03-14T14:16:12+00:00 INFO (6): Max Invoice: 1
2014-03-14T14:16:13+00:00 INFO (6): Max Invoice: 1
2014-03-14T14:16:16+00:00 INFO (6): Max Invoice: 1
2014-03-14T14:16:20+00:00 INFO (6): Max Invoice: 1
2014-03-14T14:18:41+00:00 INFO (6): Max Invoice: 1
2014-03-14T14:18:42+00:00 INFO (6): Max Invoice: 1
2014-03-14T14:18:42+00:00 INFO (6): Itemised invoice created
2014-03-17T12:55:39+00:00 INFO (6): Max Invoice: 1
2014-03-17T12:55:42+00:00 INFO (6): Max Invoice: 1
2014-03-17T13:04:31+00:00 INFO (6): Max Invoice: 1
2014-03-17T13:04:32+00:00 INFO (6): Max Invoice: 1
2014-03-17T13:04:38+00:00 INFO (6): Max Invoice: 1
2014-03-17T13:08:05+00:00 INFO (6): Max Invoice: 1
2014-03-17T13:08:06+00:00 INFO (6): Max Invoice: 1
2014-03-17T13:08:09+00:00 INFO (6): Max Invoice: 1
2014-03-17T13:08:13+00:00 INFO (6): Max Invoice: 1
2014-03-17T13:08:23+00:00 INFO (6): Max Invoice: 1
2014-03-17T13:08:31+00:00 INFO (6): Max Invoice: 1
2014-03-17T13:08:33+00:00 INFO (6): Max Invoice: 1
2014-03-17T13:12:37+00:00 INFO (6): Max Invoice: 1
2014-03-17T13:12:43+00:00 INFO (6): Max Invoice: 1
2014-03-17T13:12:43+00:00 INFO (6): Max Invoice: 1
2014-03-17T13:12:45+00:00 INFO (6): Max Invoice: 1
2014-03-17T13:12:46+00:00 INFO (6): Max Invoice: 1
2014-03-17T13:12:48+00:00 INFO (6): Max Invoice: 1
2014-03-17T13:12:48+00:00 INFO (6): Max Invoice: 1
2014-03-17T13:12:51+00:00 INFO (6): Max Invoice: 1
2014-03-17T13:12:52+00:00 INFO (6): Max Invoice: 1
2014-03-17T13:12:55+00:00 INFO (6): Max Invoice: 1
2014-03-17T13:12:56+00:00 INFO (6): Max Invoice: 1
2014-03-17T13:12:58+00:00 INFO (6): Max Invoice: 1
2014-03-17T13:12:59+00:00 INFO (6): Max Invoice: 1
2014-03-17T13:13:03+00:00 INFO (6): Max Invoice: 1
2014-03-17T13:13:03+00:00 INFO (6): Max Invoice: 1
2014-03-17T13:13:05+00:00 INFO (6): Max Invoice: 1
2014-03-17T13:13:06+00:00 INFO (6): Max Invoice: 1
2014-03-17T13:13:09+00:00 INFO (6): Max Invoice: 1
2014-03-17T13:13:10+00:00 INFO (6): Max Invoice: 1
2014-03-17T13:13:12+00:00 INFO (6): Max Invoice: 1
2014-03-17T13:13:13+00:00 INFO (6): Max Invoice: 1
2014-03-17T13:13:22+00:00 INFO (6): Max Invoice: 1
2014-03-17T13:13:24+00:00 INFO (6): Max Invoice: 1
2014-03-17T13:13:26+00:00 INFO (6): Max Invoice: 1
2014-03-17T13:13:33+00:00 INFO (6): Max Invoice: 1
2014-03-17T13:13:37+00:00 INFO (6): Max Invoice: 1
2014-03-17T13:13:38+00:00 INFO (6): Max Invoice: 1
2014-03-17T13:13:41+00:00 INFO (6): Max Invoice: 1
2014-03-17T13:13:43+00:00 INFO (6): Max Invoice: 1
2014-03-17T13:13:45+00:00 INFO (6): Max Invoice: 1
2014-03-17T13:13:54+00:00 INFO (6): Max Invoice: 1
2014-03-17T13:13:58+00:00 INFO (6): Max Invoice: 1
2014-03-17T13:14:00+00:00 INFO (6): Max Invoice: 1
2014-03-17T13:14:04+00:00 INFO (6): Max Invoice: 1
2014-03-17T13:14:05+00:00 INFO (6): Max Invoice: 1
2014-03-17T13:14:08+00:00 INFO (6): Max Invoice: 1
2014-03-17T13:14:11+00:00 INFO (6): Max Invoice: 1
2014-03-17T13:14:17+00:00 INFO (6): Max Invoice: 1
2014-03-17T13:14:18+00:00 INFO (6): Max Invoice: 1
2014-03-17T13:14:55+00:00 INFO (6): Max Invoice: 1
2014-03-17T13:14:56+00:00 INFO (6): Max Invoice: 1
2014-03-17T13:15:08+00:00 INFO (6): Max Invoice: 1
2014-03-17T13:15:09+00:00 INFO (6): Max Invoice: 1
2014-03-17T13:15:41+00:00 INFO (6): Max Invoice: 1
2014-03-17T13:15:48+00:00 INFO (6): Max Invoice: 1
2014-03-17T13:15:49+00:00 INFO (6): Max Invoice: 1
2014-03-17T13:16:41+00:00 INFO (6): Max Invoice: 1
2014-03-17T13:16:42+00:00 INFO (6): Max Invoice: 1
2014-03-17T13:16:56+00:00 INFO (6): Max Invoice: 1
2014-03-17T13:16:57+00:00 INFO (6): Max Invoice: 1
2014-03-17T13:17:01+00:00 INFO (6): Max Invoice: 1
2014-03-17T13:17:02+00:00 INFO (6): Max Invoice: 1
2014-03-17T13:17:03+00:00 INFO (6): Max Invoice: 1
2014-03-17T13:17:06+00:00 INFO (6): Max Invoice: 1
2014-03-17T13:17:06+00:00 INFO (6): Max Invoice: 1
2014-03-17T13:18:26+00:00 INFO (6): Max Invoice: 1
2014-03-17T13:18:27+00:00 INFO (6): Max Invoice: 1
2014-03-17T13:18:30+00:00 INFO (6): Max Invoice: 1
2014-03-17T13:18:30+00:00 INFO (6): Invoice: 1 Item id: 1 Tax 0 Tax ID: 3
2014-03-17T13:18:30+00:00 INFO (6): Invoice: 1 Item id: 2 Tax 0 Tax ID: 1
2014-03-17T13:18:30+00:00 INFO (6): Invoice: 1 Item id: 3 Tax 0 Tax ID: 4
2014-03-17T13:18:30+00:00 INFO (6): Invoice: 1 Item id: 4 Tax 0 Tax ID: 1
2014-03-17T13:18:30+00:00 INFO (6): Invoice: 1 Item id: 5 Tax 0 Tax ID: 4
2014-03-17T13:18:30+00:00 INFO (6): Invoice: 1 Item id: 1 Tax 0 Tax ID: 3
2014-03-17T13:18:30+00:00 INFO (6): Invoice: 1 Item id: 2 Tax 0 Tax ID: 1
2014-03-17T13:18:30+00:00 INFO (6): Invoice: 1 Item id: 3 Tax 0 Tax ID: 4
2014-03-17T13:18:30+00:00 INFO (6): Invoice: 1 Item id: 4 Tax 0 Tax ID: 1
2014-03-17T13:18:30+00:00 INFO (6): Invoice: 1 Item id: 5 Tax 0 Tax ID: 4
2014-03-17T13:27:10+00:00 INFO (6): Max Invoice: 1
2014-03-17T13:27:11+00:00 INFO (6): Max Invoice: 1
